<?xml version="1.0" encoding="utf-8"?><testsuites name="pytest tests"><testsuite name="pytest" errors="0" failures="0" skipped="0" tests="16" time="4.805" timestamp="2026-05-12T01:24:40.199361+00:00" hostname="agent-env-7b77c05f-4197-4ece-a82c-67498a0fe628"><testcase classname="backend.tests.backend_test" name="test_register_duplicate_or_new" time="0.467" /><testcase classname="backend.tests.backend_test" name="test_login_invalid" time="0.333" /><testcase classname="backend.tests.backend_test" name="test_auth_me" time="0.453" /><testcase classname="backend.tests.backend_test" name="test_auth_me_no_token" time="0.141" /><testcase classname="backend.tests.backend_test" name="test_profile_upsert" time="0.302" /><testcase classname="backend.tests.backend_test" name="test_list_weeks" time="0.263" /><testcase classname="backend.tests.backend_test" name="test_get_week" time="0.146" /><testcase classname="backend.tests.backend_test" name="test_update_week" time="0.235" /><testcase classname="backend.tests.backend_test" name="test_contact_crud" time="0.465" /><testcase classname="backend.tests.backend_test" name="test_csv_import" time="0.188" /><testcase classname="backend.tests.backend_test" name="test_screenshot_no_auth" time="0.153" /><testcase classname="backend.tests.backend_test" name="test_screenshot_bad_week" time="0.112" /><testcase classname="backend.tests.backend_test" name="test_audit_log" time="0.108" /><testcase classname="backend.tests.backend_test" name="test_dashboard" time="0.125" /><testcase classname="backend.tests.backend_test" name="test_pdf_report" time="0.122" /><testcase classname="backend.tests.backend_test" name="test_cascade_delete" time="0.847" /></testsuite></testsuites>
