<?xml version="1.0" encoding="utf-8"?><testsuites name="pytest tests"><testsuite name="pytest" errors="0" failures="0" skipped="0" tests="17" time="7.628" timestamp="2026-05-12T09:30:18.259647+00:00" hostname="agent-env-7b77c05f-4197-4ece-a82c-67498a0fe628"><testcase classname="backend.tests.test_round2" name="test_claimants_list_returns_items_and_active" time="0.706" /><testcase classname="backend.tests.test_round2" name="test_claimant_create" time="0.302" /><testcase classname="backend.tests.test_round2" name="test_claimant_update_writes_diff" time="0.371" /><testcase classname="backend.tests.test_round2" name="test_claimant_set_active" time="0.260" /><testcase classname="backend.tests.test_round2" name="test_claimant_delete_cascades" time="0.826" /><testcase classname="backend.tests.test_round2" name="test_active_claimant_scoping" time="0.721" /><testcase classname="backend.tests.test_round2" name="test_csv_export_all" time="0.116" /><testcase classname="backend.tests.test_round2" name="test_csv_export_audit" time="0.248" /><testcase classname="backend.tests.test_round2" name="test_contact_update_audit_diff" time="0.967" /><testcase classname="backend.tests.test_round2" name="test_week_update_audit_diff" time="0.466" /><testcase classname="backend.tests.test_round2" name="test_forgot_password_always_ok" time="0.120" /><testcase classname="backend.tests.test_round2" name="test_reset_password_with_bad_token" time="0.145" /><testcase classname="backend.tests.test_round2" name="test_admin_list_users" time="0.478" /><testcase classname="backend.tests.test_round2" name="test_admin_user_detail" time="0.251" /><testcase classname="backend.tests.test_round2" name="test_admin_forbidden_for_non_admin" time="0.109" /><testcase classname="backend.tests.test_round2" name="test_reminder_invalid_kind" time="0.186" /><testcase classname="backend.tests.test_round2" name="test_reminder_friday_send_one" time="1.291" /></testsuite></testsuites>
