<?xml version="1.0" encoding="utf-8"?><testsuites name="pytest tests"><testsuite name="pytest" errors="0" failures="0" skipped="0" tests="14" time="5.554" timestamp="2026-05-12T13:56:50.430030+00:00" hostname="agent-env-7b77c05f-4197-4ece-a82c-67498a0fe628"><testcase classname="backend.tests.test_round4" name="test_sms_send_otp_rejects_non_e164" time="0.767" /><testcase classname="backend.tests.test_round4" name="test_sms_send_otp_e164_writes_otp_row" time="0.610" /><testcase classname="backend.tests.test_round4" name="test_sms_verify_otp_with_seeded_code" time="0.379" /><testcase classname="backend.tests.test_round4" name="test_sms_verify_otp_expired" time="0.151" /><testcase classname="backend.tests.test_round4" name="test_send_sms_rate_limited_blocks_second_call" time="0.631" /><testcase classname="backend.tests.test_round4" name="test_resend_webhook_bounced_disables_reminders" time="0.438" /><testcase classname="backend.tests.test_round4" name="test_admin_email_events_list" time="0.484" /><testcase classname="backend.tests.test_round4" name="test_admin_email_events_non_admin_403" time="0.137" /><testcase classname="backend.tests.test_round4" name="test_bulk_invite_csv_creates_and_skips" time="0.824" /><testcase classname="backend.tests.test_round4" name="test_dashboard_trend_weeks_4" time="0.156" /><testcase classname="backend.tests.test_round4" name="test_dashboard_trend_weeks_52_caps" time="0.170" /><testcase classname="backend.tests.test_round4" name="test_dashboard_trend_weeks_52" time="0.154" /><testcase classname="backend.tests.test_round4" name="test_pdf_report_has_logo_and_unofficial" time="0.493" /><testcase classname="backend.tests.test_round4" name="test_ides_logo_file_exists" time="0.000" /></testsuite></testsuites>
