<?xml version="1.0" encoding="utf-8"?><testsuites name="pytest tests"><testsuite name="pytest" errors="0" failures="0" skipped="0" tests="16" time="6.474" timestamp="2026-05-12T10:23:57.434115+00:00" hostname="agent-env-7b77c05f-4197-4ece-a82c-67498a0fe628"><testcase classname="backend.tests.test_round3" name="test_integrations_status_admin" time="0.491" /><testcase classname="backend.tests.test_round3" name="test_integrations_status_non_admin_403" time="0.465" /><testcase classname="backend.tests.test_round3" name="test_dashboard_trend_returns_list" time="0.124" /><testcase classname="backend.tests.test_round3" name="test_audit_filter_action" time="0.130" /><testcase classname="backend.tests.test_round3" name="test_audit_filter_entity" time="0.127" /><testcase classname="backend.tests.test_round3" name="test_audit_filter_search_q" time="0.457" /><testcase classname="backend.tests.test_round3" name="test_audit_filter_all_keyword" time="0.124" /><testcase classname="backend.tests.test_round3" name="test_invite_create_and_get_public" time="0.647" /><testcase classname="backend.tests.test_round3" name="test_invite_redeem_creates_user_and_claimant" time="1.006" /><testcase classname="backend.tests.test_round3" name="test_invite_revoke" time="0.511" /><testcase classname="backend.tests.test_round3" name="test_invite_get_nonexistent_404" time="0.097" /><testcase classname="backend.tests.test_round3" name="test_invite_create_existing_email_400" time="0.165" /><testcase classname="backend.tests.test_round3" name="test_invite_create_non_admin_403" time="0.107" /><testcase classname="backend.tests.test_round3" name="test_sms_code_path_via_friday_reminder" time="1.393" /><testcase classname="backend.tests.test_round3" name="test_password_reset_token_writes_bson_datetime" time="0.465" /><testcase classname="backend.tests.test_round3" name="test_password_reset_ttl_index_present" time="0.082" /></testsuite></testsuites>
